[debug] [2021-11-01T12:14:16.070Z] ----------------------------------------------------------------------
[debug] [2021-11-01T12:14:16.072Z] Command:       C:\Program Files\nodejs\node.exe C:\Users\Nutzer\AppData\Roaming\npm\node_modules\firebase-tools\lib\bin\firebase.js init
[debug] [2021-11-01T12:14:16.072Z] CLI Version:   9.21.0
[debug] [2021-11-01T12:14:16.073Z] Platform:      win32
[debug] [2021-11-01T12:14:16.073Z] Node Version:  v14.17.4
[debug] [2021-11-01T12:14:16.074Z] Time:          Mon Nov 01 2021 13:14:16 GMT+0100 (Mitteleuropäische Normalzeit)
[debug] [2021-11-01T12:14:16.074Z] ----------------------------------------------------------------------
[debug] 
[debug] [2021-11-01T12:14:16.084Z] > command requires scopes: ["email","openid","https://www.googleapis.com/auth/cloudplatformprojects.readonly","https://www.googleapis.com/auth/firebase","https://www.googleapis.com/auth/cloud-platform"]
[debug] [2021-11-01T12:14:16.084Z] > authorizing via signed-in user (admasuasu@gmail.com)
[info] 
     ######## #### ########  ######## ########     ###     ######  ########
     ##        ##  ##     ## ##       ##     ##  ##   ##  ##       ##
     ######    ##  ########  ######   ########  #########  ######  ######
     ##        ##  ##    ##  ##       ##     ## ##     ##       ## ##
     ##       #### ##     ## ######## ########  ##     ##  ######  ########

You're about to initialize a Firebase project in this directory:

  C:\Users\Nutzer\Documents\MyGit\whoami-cards-live\whoami-cards

[info] 
=== Project Setup
[info] 
[info] First, let's associate this project directory with a Firebase project.
[info] You can create multiple project aliases by running firebase use --add, 
[info] but for now we'll just set up a default project.
[info] 
[debug] [2021-11-01T12:14:59.270Z] > refreshing access token with scopes: []
[debug] [2021-11-01T12:14:59.271Z] >>> HTTP REQUEST POST https://www.googleapis.com/oauth2/v3/token  
 <request body omitted>
[debug] [2021-11-01T12:14:59.440Z] <<< HTTP RESPONSE 200 {"date":"Mon, 01 Nov 2021 12:14:57 GMT","cache-control":"no-cache, no-store, max-age=0, must-revalidate","expires":"Mon, 01 Jan 1990 00:00:00 GMT","pragma":"no-cache","content-type":"application/json; charset=utf-8","vary":"X-Origin, Referer, Origin,Accept-Encoding","server":"scaffolding on HTTPServer2","x-xss-protection":"0","x-frame-options":"SAMEORIGIN","x-content-type-options":"nosniff","alt-svc":"h3=\":443\"; ma=2592000,h3-29=\":443\"; ma=2592000,h3-Q050=\":443\"; ma=2592000,h3-Q046=\":443\"; ma=2592000,h3-Q043=\":443\"; ma=2592000,quic=\":443\"; ma=2592000; v=\"46,43\"","accept-ranges":"none","transfer-encoding":"chunked"}
[debug] [2021-11-01T12:14:59.452Z] >>> [apiv2][query] GET https://firebase.googleapis.com/v1beta1/projects pageSize=100
[debug] [2021-11-01T12:14:59.901Z] <<< [apiv2][status] GET https://firebase.googleapis.com/v1beta1/projects 200
[debug] [2021-11-01T12:14:59.901Z] <<< [apiv2][body] GET https://firebase.googleapis.com/v1beta1/projects [omitted]
[info] i  Using project whoami-cards (whoami-cards) 
[info] 
=== Hosting Setup
[info] 
[info] Your public directory is the folder (relative to your project directory) that
[info] will contain Hosting assets to be uploaded with firebase deploy. If you
[info] have a build process for your assets, use your build's output directory.
[info] 
[debug] [2021-11-01T12:15:24.774Z] >>> [apiv2][query] GET https://www.gstatic.com/firebasejs/releases.json [none]
[debug] [2021-11-01T12:15:24.904Z] <<< [apiv2][status] GET https://www.gstatic.com/firebasejs/releases.json 200
[debug] [2021-11-01T12:15:24.904Z] <<< [apiv2][body] GET https://www.gstatic.com/firebasejs/releases.json {"current":{"version":"9.2.0","browserURL":"https://www.gstatic.com/firebasejs/9.2.0/firebase.js","packageURL":"https://www.gstatic.com/firebasejs/9.2.0/firebase.tgz"},"live":{"version":"9.2","browserURL":"https://www.gstatic.com/firebasejs/live/9.2/firebase.js","packageURL":"https://www.gstatic.com/firebasejs/live/9.2/firebase.tgz"},"components":{"analytics":"https://www.gstatic.com/firebasejs/9.2.0/firebase-analytics.js","app":"https://www.gstatic.com/firebasejs/9.2.0/firebase-app.js","app-check":"https://www.gstatic.com/firebasejs/9.2.0/firebase-app-check.js","auth":"https://www.gstatic.com/firebasejs/9.2.0/firebase-auth.js","auth/cordova":"https://www.gstatic.com/firebasejs/9.2.0/firebase-auth/cordova.js","auth/react-native":"https://www.gstatic.com/firebasejs/9.2.0/firebase-auth/react-native.js","functions":"https://www.gstatic.com/firebasejs/9.2.0/firebase-functions.js","firestore":"https://www.gstatic.com/firebasejs/9.2.0/firebase-firestore.js","firestore/lite":"https://www.gstatic.com/firebasejs/9.2.0/firebase-firestore/lite.js","storage":"https://www.gstatic.com/firebasejs/9.2.0/firebase-storage.js","performance":"https://www.gstatic.com/firebasejs/9.2.0/firebase-performance.js","remote-config":"https://www.gstatic.com/firebasejs/9.2.0/firebase-remote-config.js","messaging":"https://www.gstatic.com/firebasejs/9.2.0/firebase-messaging.js","messaging/sw":"https://www.gstatic.com/firebasejs/9.2.0/firebase-messaging/sw.js","database":"https://www.gstatic.com/firebasejs/9.2.0/firebase-database.js","firestore.memory":"https://www.gstatic.com/firebasejs/9.2.0/firebase-firestore.memory.js"}}
[info] +  Wrote built/index.html 
[info] 
[info] i  Detected a .git folder at C:\Users\Nutzer\Documents\MyGit\whoami-cards-live\whoami-cards 
[info] i  Authorizing with GitHub to upload your service account to a GitHub repository's secrets store. 
[info] 
[info] Visit this URL on this device to log in:
[info] https://github.com/login/oauth/authorize?client_id=89cf50f02ac6aaed3484&state=870093480&redirect_uri=http%3A%2F%2Flocalhost%3A9005&scope=read%3Auser%20repo%20public_repo
[info] 
[info] Waiting for authentication...
[debug] [2021-11-01T12:15:25.488Z] >>> HTTP REQUEST POST https://github.com/login/oauth/access_token  
 {"client_id":"89cf50f02ac6aaed3484","client_secret":"3330d14abc895d9a74d5f17cd7a00711fa2c5bf0","code":"cd016941e5f6e6c30a53","redirect_uri":"http://localhost:9005","state":"870093480"}
[debug] [2021-11-01T12:15:25.747Z] <<< HTTP RESPONSE 200 {"server":"GitHub.com","date":"Mon, 01 Nov 2021 12:15:24 GMT","content-type":"application/json; charset=utf-8","transfer-encoding":"chunked","vary":"X-PJAX, X-PJAX-Container, Accept-Encoding, Accept, X-Requested-With","permissions-policy":"interest-cohort=()","etag":"W/\"36ac402d0d9b23b4933c7e028bb941fb\"","cache-control":"max-age=0, private, must-revalidate","strict-transport-security":"max-age=31536000; includeSubdomains; preload","x-frame-options":"deny","x-content-type-options":"nosniff","x-xss-protection":"0","referrer-policy":"origin-when-cross-origin, strict-origin-when-cross-origin","expect-ct":"max-age=2592000, report-uri=\"https://api.github.com/_private/browser/errors\"","content-security-policy":"default-src 'none'; base-uri 'self'; block-all-mixed-content; child-src github.com/assets-cdn/worker/ gist.github.com/assets-cdn/worker/; connect-src 'self' uploads.github.com objects-origin.githubusercontent.com www.githubstatus.com collector.githubapp.com api.github.com github-cloud.s3.amazonaws.com github-production-repository-file-5c1aeb.s3.amazonaws.com github-production-upload-manifest-file-7fdce7.s3.amazonaws.com github-production-user-asset-6210df.s3.amazonaws.com cdn.optimizely.com logx.optimizely.com/v1/events translator.github.com wss://alive.github.com; font-src github.githubassets.com; form-action 'self' github.com gist.github.com objects-origin.githubusercontent.com; frame-ancestors 'none'; frame-src render.githubusercontent.com viewscreen.githubusercontent.com notebooks.githubusercontent.com; img-src 'self' data: github.githubassets.com identicons.github.com collector.githubapp.com github-cloud.s3.amazonaws.com secured-user-images.githubusercontent.com/ *.githubusercontent.com; manifest-src 'self'; media-src github.com user-images.githubusercontent.com/; script-src github.githubassets.com; style-src 'unsafe-inline' github.githubassets.com; worker-src github.com/assets-cdn/worker/ gist.github.com/assets-cdn/worker/","x-github-request-id":"4122:B344:1616E1B:176EFED:617FDA5C"}
[debug] [2021-11-01T12:15:25.752Z] >>> [apiv2][query] GET https://api.github.com/user [none]
[debug] [2021-11-01T12:15:26.078Z] <<< [apiv2][status] GET https://api.github.com/user 200
[debug] [2021-11-01T12:15:26.078Z] <<< [apiv2][body] GET https://api.github.com/user {"login":"0aleksandar0","id":92309291,"node_id":"U_kgDOBYCHKw","avatar_url":"https://avatars.githubusercontent.com/u/92309291?v=4","gravatar_id":"","url":"https://api.github.com/users/0aleksandar0","html_url":"https://github.com/0aleksandar0","followers_url":"https://api.github.com/users/0aleksandar0/followers","following_url":"https://api.github.com/users/0aleksandar0/following{/other_user}","gists_url":"https://api.github.com/users/0aleksandar0/gists{/gist_id}","starred_url":"https://api.github.com/users/0aleksandar0/starred{/owner}{/repo}","subscriptions_url":"https://api.github.com/users/0aleksandar0/subscriptions","organizations_url":"https://api.github.com/users/0aleksandar0/orgs","repos_url":"https://api.github.com/users/0aleksandar0/repos","events_url":"https://api.github.com/users/0aleksandar0/events{/privacy}","received_events_url":"https://api.github.com/users/0aleksandar0/received_events","type":"User","site_admin":false,"name":null,"company":null,"blog":"","location":null,"email":null,"hireable":null,"bio":null,"twitter_username":null,"public_repos":19,"public_gists":0,"followers":0,"following":0,"created_at":"2021-10-11T11:40:38Z","updated_at":"2021-11-01T11:55:24Z","private_gists":0,"total_private_repos":0,"owned_private_repos":0,"disk_usage":36106,"collaborators":0,"two_factor_authentication":false,"plan":{"name":"free","space":976562499,"collaborators":0,"private_repos":10000}}
[info] 
[info] +  Success! Logged into GitHub as 0aleksandar0 
[info] 
